6828 decimal is  octal!
Physical memory: 66556K available, base = 640K, extended = 65532K
check_page_alloc() succeeded!
page_check() succeeded!
check_boot_pgdir() succeeded!
enabled interrupts: 1 2
	     Setup timer interrupts via 8259A
enabled interrupts: 0 1 2
	     unmasked timer interrupt
PCI: 00:00.0: 8086:1237: class: 6.0 (Bridge device) irq: 0
PCI: 00:01.0: 8086:7000: class: 6.1 (Bridge device) irq: 0
PCI: 00:01.1: 8086:7010: class: 1.1 (Storage controller) irq: 0
PCI: 00:01.3: 8086:7113: class: 6.80 (Bridge device) irq: 9
PCI: 00:02.0: 1013:00b8: class: 3.0 (Display controller) irq: 0
PCI: 00:03.0: 8086:1209: class: 2.0 (Network controller) irq: 11
PCI function 00:03.0 (8086:1209) enabled
PCI: 00:04.0: 1af4:1002: class: 5.0 (Memory controller) irq: 9
FS is running
FS can do I/O
Device 1 presence: 1
block cache is good
superblock is good
bitmap is good
alloc_block is good
file_open is good
file_get_block is good
file_flush is good
file_truncate is good
file rewrite is good
envid2env:id=1006
user panic in ns at lib/ipc.c:83: send error:bad environment
Welcome to the JOS kernel monitor!
Type 'help' for a list of commands.
TRAP frame at 0xf02c80f8
  edi  0x00000007
  esi  0x00001006
  ebp  0x08001e78
  oesp 0xefbfffdc
  ebx  0xfffffffe
  edx  0x08001d28
  ecx  0x00000001
  eax  0x00000001
  es   0x----0023
  ds   0x----0023
  trap 0x00000003 Breakpoint
  err  0x00000000
  eip  0x00800913
  cs   0x----001b
  flag 0x00000212
  esp  0x08001e50
  ss   0x----0023
K> 